1532780274554	geckodriver	INFO	geckodriver 0.21.0
1532780274562	geckodriver	INFO	Listening on 127.0.0.1:55310
1532780380897	geckodriver	INFO	geckodriver 0.21.0
1532780380904	geckodriver	INFO	Listening on 127.0.0.1:55348
1532781157416	geckodriver	INFO	geckodriver 0.21.0
1532781157430	geckodriver	INFO	Listening on 127.0.0.1:49335
1532781290756	geckodriver	INFO	geckodriver 0.21.0
1532781290765	geckodriver	INFO	Listening on 127.0.0.1:49398
1532781291767	mozrunner::runner	INFO	Running command: "/Applications/Firefox.app/Contents/MacOS/firefox-bin" "-marionette" "-headless" "-foreground" "-no-remote" "-profile" "/var/folders/rg/0cxqtd1n7cv8krhzl_p3fs4r0000gp/T/rust_mozprofile.CgnpxHruwaiU"
*** You are running in headless mode.
2018-07-28 15:34:53.225 plugin-container[749:10402] *** CFMessagePort: bootstrap_register(): failed 1100 (0x44c) 'Permission denied', port = 0x873f, name = 'com.apple.tsm.portname'
See /usr/include/servers/bootstrap_defs.h for the error codes.
2018-07-28 15:34:53.460 plugin-container[750:10431] *** CFMessagePort: bootstrap_register(): failed 1100 (0x44c) 'Permission denied', port = 0x763f, name = 'com.apple.tsm.portname'
See /usr/include/servers/bootstrap_defs.h for the error codes.
1532781293797	Marionette	INFO	Listening on port 49409
1532781293822	Marionette	WARN	TLS certificate errors will be ignored for this session
2018-07-28 15:34:54.136 plugin-container[751:10535] *** CFMessagePort: bootstrap_register(): failed 1100 (0x44c) 'Permission denied', port = 0x8903, name = 'com.apple.tsm.portname'
See /usr/include/servers/bootstrap_defs.h for the error codes.
*** UTM:SVC TimerManager:registerTimer called after profile-before-change notification. Ignoring timer registration for id: telemetry_modules_ping
1532781323870	geckodriver	INFO	geckodriver 0.21.0
1532781323876	geckodriver	INFO	Listening on 127.0.0.1:49454
1532781324889	mozrunner::runner	INFO	Running command: "/Applications/Firefox.app/Contents/MacOS/firefox-bin" "-marionette" "-headless" "-foreground" "-no-remote" "-profile" "/var/folders/rg/0cxqtd1n7cv8krhzl_p3fs4r0000gp/T/rust_mozprofile.y4cvjSI6CEK0"
*** You are running in headless mode.
2018-07-28 15:35:25.958 plugin-container[765:10905] *** CFMessagePort: bootstrap_register(): failed 1100 (0x44c) 'Permission denied', port = 0x7647, name = 'com.apple.tsm.portname'
See /usr/include/servers/bootstrap_defs.h for the error codes.
2018-07-28 15:35:26.107 plugin-container[766:10926] *** CFMessagePort: bootstrap_register(): failed 1100 (0x44c) 'Permission denied', port = 0x8403, name = 'com.apple.tsm.portname'
See /usr/include/servers/bootstrap_defs.h for the error codes.
1532781326309	Marionette	INFO	Listening on port 49465
1532781326314	Marionette	WARN	TLS certificate errors will be ignored for this session
2018-07-28 15:35:26.912 plugin-container[767:11021] *** CFMessagePort: bootstrap_register(): failed 1100 (0x44c) 'Permission denied', port = 0x733f, name = 'com.apple.tsm.portname'
See /usr/include/servers/bootstrap_defs.h for the error codes.
*** UTM:SVC TimerManager:registerTimer called after profile-before-change notification. Ignoring timer registration for id: telemetry_modules_ping
1532781407278	geckodriver	INFO	geckodriver 0.21.0
1532781407285	geckodriver	INFO	Listening on 127.0.0.1:49503
1532781408300	mozrunner::runner	INFO	Running command: "/Applications/Firefox.app/Contents/MacOS/firefox-bin" "-marionette" "-headless" "-foreground" "-no-remote" "-profile" "/var/folders/rg/0cxqtd1n7cv8krhzl_p3fs4r0000gp/T/rust_mozprofile.Qz7WmZZsLRoa"
*** You are running in headless mode.
2018-07-28 15:36:49.374 plugin-container[784:11879] *** CFMessagePort: bootstrap_register(): failed 1100 (0x44c) 'Permission denied', port = 0x843f, name = 'com.apple.tsm.portname'
See /usr/include/servers/bootstrap_defs.h for the error codes.
2018-07-28 15:36:49.574 plugin-container[785:11902] *** CFMessagePort: bootstrap_register(): failed 1100 (0x44c) 'Permission denied', port = 0x843f, name = 'com.apple.tsm.portname'
See /usr/include/servers/bootstrap_defs.h for the error codes.
1532781409788	Marionette	INFO	Listening on port 49514
1532781409847	Marionette	WARN	TLS certificate errors will be ignored for this session
2018-07-28 15:36:50.345 plugin-container[786:12002] *** CFMessagePort: bootstrap_register(): failed 1100 (0x44c) 'Permission denied', port = 0x6b33, name = 'com.apple.tsm.portname'
See /usr/include/servers/bootstrap_defs.h for the error codes.
JavaScript error: https://www.olx.ua/ru/, line 61: TypeError: window.top is null
JavaScript error: https://www.olx.ua/ru/, line 61: TypeError: window.top is null
JavaScript error: https://www.olx.ua/ru/, line 61: TypeError: window.top is null
JavaScript warning: https://static-olxeu.akamaized.net/static/olxua/packed/sw3eaf1967312fe0104e2868194ab0fde9.js, line 1: unreachable code after return statement
JavaScript warning: https://static-olxeu.akamaized.net/static/olxua/packed/sw3eaf1967312fe0104e2868194ab0fde9.js, line 1: unreachable code after return statement
1532781576460	geckodriver	INFO	geckodriver 0.21.0
1532781576481	geckodriver	INFO	Listening on 127.0.0.1:49665
1532781577487	mozrunner::runner	INFO	Running command: "/Applications/Firefox.app/Contents/MacOS/firefox-bin" "-marionette" "-headless" "-foreground" "-no-remote" "-profile" "/var/folders/rg/0cxqtd1n7cv8krhzl_p3fs4r0000gp/T/rust_mozprofile.NUyfwmsg3Mbj"
*** You are running in headless mode.
2018-07-28 15:39:38.698 plugin-container[806:13254] *** CFMessagePort: bootstrap_register(): failed 1100 (0x44c) 'Permission denied', port = 0x843f, name = 'com.apple.tsm.portname'
See /usr/include/servers/bootstrap_defs.h for the error codes.
2018-07-28 15:39:38.916 plugin-container[807:13275] *** CFMessagePort: bootstrap_register(): failed 1100 (0x44c) 'Permission denied', port = 0x7b03, name = 'com.apple.tsm.portname'
See /usr/include/servers/bootstrap_defs.h for the error codes.
1532781579150	Marionette	INFO	Listening on port 49676
1532781579228	Marionette	WARN	TLS certificate errors will be ignored for this session
2018-07-28 15:39:39.610 plugin-container[808:13390] *** CFMessagePort: bootstrap_register(): failed 1100 (0x44c) 'Permission denied', port = 0x843f, name = 'com.apple.tsm.portname'
See /usr/include/servers/bootstrap_defs.h for the error codes.
JavaScript error: https://www.olx.ua/ru/, line 61: TypeError: window.top is null
JavaScript error: https://www.olx.ua/ru/, line 61: TypeError: window.top is null
JavaScript error: https://www.olx.ua/ru/, line 22: TypeError: window.top.ads is undefined
JavaScript warning: https://static-olxeu.akamaized.net/static/olxua/packed/sw3eaf1967312fe0104e2868194ab0fde9.js, line 1: unreachable code after return statement
JavaScript warning: https://static-olxeu.akamaized.net/static/olxua/packed/sw3eaf1967312fe0104e2868194ab0fde9.js, line 1: unreachable code after return statement
1532781687242	geckodriver	INFO	geckodriver 0.21.0
1532781687252	geckodriver	INFO	Listening on 127.0.0.1:49819
1532781688267	mozrunner::runner	INFO	Running command: "/Applications/Firefox.app/Contents/MacOS/firefox-bin" "-marionette" "-headless" "-foreground" "-no-remote" "-profile" "/var/folders/rg/0cxqtd1n7cv8krhzl_p3fs4r0000gp/T/rust_mozprofile.RZ0LKzhclyA1"
*** You are running in headless mode.
2018-07-28 15:41:29.472 plugin-container[820:14172] *** CFMessagePort: bootstrap_register(): failed 1100 (0x44c) 'Permission denied', port = 0x883f, name = 'com.apple.tsm.portname'
See /usr/include/servers/bootstrap_defs.h for the error codes.
2018-07-28 15:41:29.706 plugin-container[821:14195] *** CFMessagePort: bootstrap_register(): failed 1100 (0x44c) 'Permission denied', port = 0x7203, name = 'com.apple.tsm.portname'
See /usr/include/servers/bootstrap_defs.h for the error codes.
1532781689963	Marionette	INFO	Listening on port 49830
1532781690030	Marionette	WARN	TLS certificate errors will be ignored for this session
2018-07-28 15:41:30.358 plugin-container[822:14302] *** CFMessagePort: bootstrap_register(): failed 1100 (0x44c) 'Permission denied', port = 0x8743, name = 'com.apple.tsm.portname'
See /usr/include/servers/bootstrap_defs.h for the error codes.
JavaScript error: https://www.olx.ua/ru/, line 61: TypeError: window.top is null
JavaScript error: https://www.olx.ua/ru/, line 61: TypeError: window.top is null
JavaScript error: https://www.olx.ua/ru/, line 22: TypeError: window.top.ads is undefined
JavaScript warning: https://static-olxeu.akamaized.net/static/olxua/packed/sw3eaf1967312fe0104e2868194ab0fde9.js, line 1: unreachable code after return statement
JavaScript warning: https://static-olxeu.akamaized.net/static/olxua/packed/sw3eaf1967312fe0104e2868194ab0fde9.js, line 1: unreachable code after return statement
JavaScript error: https://www.olx.ua/ru/, line 61: TypeError: window.top is null
JavaScript error: https://www.olx.ua/ru/, line 61: TypeError: window.top is null
JavaScript error: https://www.olx.ua/ru/, line 61: TypeError: window.top is null
JavaScript warning: https://static-olxeu.akamaized.net/static/olxua/packed/sw3eaf1967312fe0104e2868194ab0fde9.js, line 1: unreachable code after return statement
JavaScript warning: https://static-olxeu.akamaized.net/static/olxua/packed/sw3eaf1967312fe0104e2868194ab0fde9.js, line 1: unreachable code after return statement
JavaScript error: https://www.olx.ua/ru/, line 61: TypeError: window.top is null
JavaScript error: https://www.olx.ua/ru/, line 61: TypeError: window.top is null
JavaScript error: https://www.olx.ua/ru/, line 61: TypeError: window.top is null
JavaScript warning: https://static-olxeu.akamaized.net/static/olxua/packed/sw3eaf1967312fe0104e2868194ab0fde9.js, line 1: unreachable code after return statement
JavaScript warning: https://static-olxeu.akamaized.net/static/olxua/packed/sw3eaf1967312fe0104e2868194ab0fde9.js, line 1: unreachable code after return statement
JavaScript error: https://www.olx.ua/ru/, line 61: TypeError: window.top is null
JavaScript error: https://www.olx.ua/ru/, line 61: TypeError: window.top is null
JavaScript error: https://www.olx.ua/ru/, line 61: TypeError: window.top is null
JavaScript warning: https://static-olxeu.akamaized.net/static/olxua/packed/sw3eaf1967312fe0104e2868194ab0fde9.js, line 1: unreachable code after return statement
JavaScript warning: https://static-olxeu.akamaized.net/static/olxua/packed/sw3eaf1967312fe0104e2868194ab0fde9.js, line 1: unreachable code after return statement
*** UTM:SVC TimerManager:registerTimer called after profile-before-change notification. Ignoring timer registration for id: telemetry_modules_ping
1532781748997	geckodriver	INFO	geckodriver 0.21.0
1532781749011	geckodriver	INFO	Listening on 127.0.0.1:50046
1532781750027	mozrunner::runner	INFO	Running command: "/Applications/Firefox.app/Contents/MacOS/firefox-bin" "-marionette" "-headless" "-foreground" "-no-remote" "-profile" "/var/folders/rg/0cxqtd1n7cv8krhzl_p3fs4r0000gp/T/rust_mozprofile.det6nzIT1l7i"
*** You are running in headless mode.
2018-07-28 15:42:31.189 plugin-container[831:14972] *** CFMessagePort: bootstrap_register(): failed 1100 (0x44c) 'Permission denied', port = 0x753f, name = 'com.apple.tsm.portname'
See /usr/include/servers/bootstrap_defs.h for the error codes.
2018-07-28 15:42:31.347 plugin-container[832:14993] *** CFMessagePort: bootstrap_register(): failed 1100 (0x44c) 'Permission denied', port = 0x8b03, name = 'com.apple.tsm.portname'
See /usr/include/servers/bootstrap_defs.h for the error codes.
1532781751575	Marionette	INFO	Listening on port 50053
1532781751660	Marionette	WARN	TLS certificate errors will be ignored for this session
2018-07-28 15:42:32.082 plugin-container[833:15092] *** CFMessagePort: bootstrap_register(): failed 1100 (0x44c) 'Permission denied', port = 0x763f, name = 'com.apple.tsm.portname'
See /usr/include/servers/bootstrap_defs.h for the error codes.
JavaScript error: https://www.olx.ua/ru/, line 61: TypeError: window.top is null
JavaScript error: https://www.olx.ua/ru/, line 61: TypeError: window.top is null
JavaScript error: https://www.olx.ua/ru/, line 61: TypeError: window.top is null
JavaScript warning: https://static-olxeu.akamaized.net/static/olxua/packed/sw3eaf1967312fe0104e2868194ab0fde9.js, line 1: unreachable code after return statement
JavaScript warning: https://static-olxeu.akamaized.net/static/olxua/packed/sw3eaf1967312fe0104e2868194ab0fde9.js, line 1: unreachable code after return statement
1532781767877	geckodriver	INFO	geckodriver 0.21.0
1532781767882	geckodriver	INFO	Listening on 127.0.0.1:50171
1532781768891	mozrunner::runner	INFO	Running command: "/Applications/Firefox.app/Contents/MacOS/firefox-bin" "-marionette" "-headless" "-foreground" "-no-remote" "-profile" "/var/folders/rg/0cxqtd1n7cv8krhzl_p3fs4r0000gp/T/rust_mozprofile.Z9iMJvqJ82aH"
*** You are running in headless mode.
2018-07-28 15:42:50.045 plugin-container[840:15460] *** CFMessagePort: bootstrap_register(): failed 1100 (0x44c) 'Permission denied', port = 0x7347, name = 'com.apple.tsm.portname'
See /usr/include/servers/bootstrap_defs.h for the error codes.
2018-07-28 15:42:50.260 plugin-container[841:15488] *** CFMessagePort: bootstrap_register(): failed 1100 (0x44c) 'Permission denied', port = 0x7a03, name = 'com.apple.tsm.portname'
See /usr/include/servers/bootstrap_defs.h for the error codes.
1532781770552	Marionette	INFO	Listening on port 50178
1532781770629	Marionette	WARN	TLS certificate errors will be ignored for this session
2018-07-28 15:42:50.886 plugin-container[842:15576] *** CFMessagePort: bootstrap_register(): failed 1100 (0x44c) 'Permission denied', port = 0x8a3f, name = 'com.apple.tsm.portname'
See /usr/include/servers/bootstrap_defs.h for the error codes.
JavaScript error: https://www.olx.ua/ru/, line 61: TypeError: window.top is null
JavaScript error: https://www.olx.ua/ru/, line 61: TypeError: window.top is null
JavaScript error: https://www.olx.ua/ru/, line 22: TypeError: window.top.ads is undefined
JavaScript warning: https://static-olxeu.akamaized.net/static/olxua/packed/sw3eaf1967312fe0104e2868194ab0fde9.js, line 1: unreachable code after return statement
JavaScript warning: https://static-olxeu.akamaized.net/static/olxua/packed/sw3eaf1967312fe0104e2868194ab0fde9.js, line 1: unreachable code after return statement
1532781802454	geckodriver	INFO	geckodriver 0.21.0
1532781802464	geckodriver	INFO	Listening on 127.0.0.1:50315
1532781803471	mozrunner::runner	INFO	Running command: "/Applications/Firefox.app/Contents/MacOS/firefox-bin" "-marionette" "-headless" "no-sandbox" "-foreground" "-no-remote" "-profile" "/var/folders/rg/0cxqtd1n7cv8krhzl_p3fs4r0000gp/T/rust_mozprofile.J9MHQ6uNCM3v"
*** You are running in headless mode.
2018-07-28 15:43:24.757 plugin-container[850:15905] *** CFMessagePort: bootstrap_register(): failed 1100 (0x44c) 'Permission denied', port = 0x7a3b, name = 'com.apple.tsm.portname'
See /usr/include/servers/bootstrap_defs.h for the error codes.
2018-07-28 15:43:25.040 plugin-container[851:15932] *** CFMessagePort: bootstrap_register(): failed 1100 (0x44c) 'Permission denied', port = 0x7443, name = 'com.apple.tsm.portname'
See /usr/include/servers/bootstrap_defs.h for the error codes.
1532781805462	Marionette	INFO	Listening on port 50326
1532781805549	Marionette	WARN	TLS certificate errors will be ignored for this session
2018-07-28 15:43:25.838 plugin-container[852:16030] *** CFMessagePort: bootstrap_register(): failed 1100 (0x44c) 'Permission denied', port = 0x8943, name = 'com.apple.tsm.portname'
See /usr/include/servers/bootstrap_defs.h for the error codes.
JavaScript error: https://www.olx.ua/ru/, line 61: TypeError: window.top is null
JavaScript error: https://www.olx.ua/ru/, line 61: TypeError: window.top is null
JavaScript error: https://www.olx.ua/ru/, line 61: TypeError: window.top is null
JavaScript warning: https://static-olxeu.akamaized.net/static/olxua/packed/sw3eaf1967312fe0104e2868194ab0fde9.js, line 1: unreachable code after return statement
JavaScript warning: https://static-olxeu.akamaized.net/static/olxua/packed/sw3eaf1967312fe0104e2868194ab0fde9.js, line 1: unreachable code after return statement
1532781848669	geckodriver	INFO	geckodriver 0.21.0
1532781848679	geckodriver	INFO	Listening on 127.0.0.1:50482
1532781849688	mozrunner::runner	INFO	Running command: "/Applications/Firefox.app/Contents/MacOS/firefox-bin" "-marionette" "--headless" "--no-sandbox" "-foreground" "-no-remote" "-profile" "/var/folders/rg/0cxqtd1n7cv8krhzl_p3fs4r0000gp/T/rust_mozprofile.OdQPq58QgaiP"
*** You are running in headless mode.
2018-07-28 15:44:11.047 plugin-container[865:16770] *** CFMessagePort: bootstrap_register(): failed 1100 (0x44c) 'Permission denied', port = 0x8843, name = 'com.apple.tsm.portname'
See /usr/include/servers/bootstrap_defs.h for the error codes.
2018-07-28 15:44:11.308 plugin-container[866:16801] *** CFMessagePort: bootstrap_register(): failed 1100 (0x44c) 'Permission denied', port = 0x8a43, name = 'com.apple.tsm.portname'
See /usr/include/servers/bootstrap_defs.h for the error codes.
1532781851797	Marionette	INFO	Listening on port 50493
1532781851888	Marionette	WARN	TLS certificate errors will be ignored for this session
2018-07-28 15:44:12.184 plugin-container[867:16899] *** CFMessagePort: bootstrap_register(): failed 1100 (0x44c) 'Permission denied', port = 0x8843, name = 'com.apple.tsm.portname'
See /usr/include/servers/bootstrap_defs.h for the error codes.
JavaScript error: https://www.olx.ua/ru/, line 61: TypeError: window.top is null
JavaScript error: https://www.olx.ua/ru/, line 61: TypeError: window.top is null
JavaScript error: https://www.olx.ua/ru/, line 61: TypeError: window.top is null
JavaScript warning: https://static-olxeu.akamaized.net/static/olxua/packed/sw3eaf1967312fe0104e2868194ab0fde9.js, line 1: unreachable code after return statement
JavaScript warning: https://static-olxeu.akamaized.net/static/olxua/packed/sw3eaf1967312fe0104e2868194ab0fde9.js, line 1: unreachable code after return statement
1532781881454	geckodriver	INFO	geckodriver 0.21.0
1532781881463	geckodriver	INFO	Listening on 127.0.0.1:50624
1532781882465	mozrunner::runner	INFO	Running command: "/Applications/Firefox.app/Contents/MacOS/firefox-bin" "-marionette" "--headless" "--no-sandbox" "-foreground" "-no-remote" "-profile" "/var/folders/rg/0cxqtd1n7cv8krhzl_p3fs4r0000gp/T/rust_mozprofile.bcIoNreD7CG8"
*** You are running in headless mode.
2018-07-28 15:44:43.826 plugin-container[876:17292] *** CFMessagePort: bootstrap_register(): failed 1100 (0x44c) 'Permission denied', port = 0x863f, name = 'com.apple.tsm.portname'
See /usr/include/servers/bootstrap_defs.h for the error codes.
2018-07-28 15:44:44.087 plugin-container[877:17321] *** CFMessagePort: bootstrap_register(): failed 1100 (0x44c) 'Permission denied', port = 0x700b, name = 'com.apple.tsm.portname'
See /usr/include/servers/bootstrap_defs.h for the error codes.
1532781884704	Marionette	INFO	Listening on port 50635
1532781884799	Marionette	WARN	TLS certificate errors will be ignored for this session
2018-07-28 15:44:45.284 plugin-container[878:17410] *** CFMessagePort: bootstrap_register(): failed 1100 (0x44c) 'Permission denied', port = 0x9107, name = 'com.apple.tsm.portname'
See /usr/include/servers/bootstrap_defs.h for the error codes.
JavaScript error: https://www.olx.ua/ru/, line 61: TypeError: window.top is null
JavaScript error: https://www.olx.ua/ru/, line 61: TypeError: window.top is null
JavaScript error: https://www.olx.ua/ru/, line 22: TypeError: window.top.ads is undefined
JavaScript warning: https://static-olxeu.akamaized.net/static/olxua/packed/sw3eaf1967312fe0104e2868194ab0fde9.js, line 1: unreachable code after return statement
JavaScript warning: https://static-olxeu.akamaized.net/static/olxua/packed/sw3eaf1967312fe0104e2868194ab0fde9.js, line 1: unreachable code after return statement

###!!! [Parent][MessageChannel] Error: (msgtype=0x16007F,name=PBrowser::Msg_Destroy) Channel error: cannot send/recv

A content process crashed and MOZ_CRASHREPORTER_SHUTDOWN is set, shutting down

###!!! [Parent][MessageChannel] Error: (msgtype=0x16007F,name=PBrowser::Msg_Destroy) Channel error: cannot send/recv

A content process crashed and MOZ_CRASHREPORTER_SHUTDOWN is set, shutting down

###!!! [Parent][MessageChannel] Error: (msgtype=0x16007F,name=PBrowser::Msg_Destroy) Channel error: cannot send/recv

A content process crashed and MOZ_CRASHREPORTER_SHUTDOWN is set, shutting down

###!!! [Parent][MessageChannel] Error: (msgtype=0x16007F,name=PBrowser::Msg_Destroy) Channel error: cannot send/recv

A content process crashed and MOZ_CRASHREPORTER_SHUTDOWN is set, shutting down

###!!! [Parent][MessageChannel] Error: (msgtype=0x16007F,name=PBrowser::Msg_Destroy) Channel error: cannot send/recv

A content process crashed and MOZ_CRASHREPORTER_SHUTDOWN is set, shutting down

###!!! [Parent][MessageChannel] Error: (msgtype=0x16007F,name=PBrowser::Msg_Destroy) Channel error: cannot send/recv

A content process crashed and MOZ_CRASHREPORTER_SHUTDOWN is set, shutting down

###!!! [Parent][MessageChannel] Error: (msgtype=0x16007F,name=PBrowser::Msg_Destroy) Channel error: cannot send/recv

A content process crashed and MOZ_CRASHREPORTER_SHUTDOWN is set, shutting down
1532782074635	geckodriver	INFO	geckodriver 0.21.0
1532782074646	geckodriver	INFO	Listening on 127.0.0.1:50802
1532782075658	mozrunner::runner	INFO	Running command: "/Applications/Firefox.app/Contents/MacOS/firefox-bin" "-marionette" "-headless" "-no-sandbox" "-foreground" "-no-remote" "-profile" "/var/folders/rg/0cxqtd1n7cv8krhzl_p3fs4r0000gp/T/rust_mozprofile.r1Yjm4V6mgTH"
*** You are running in headless mode.
2018-07-28 15:47:56.805 plugin-container[900:20098] *** CFMessagePort: bootstrap_register(): failed 1100 (0x44c) 'Permission denied', port = 0x883f, name = 'com.apple.tsm.portname'
See /usr/include/servers/bootstrap_defs.h for the error codes.
2018-07-28 15:47:56.971 plugin-container[901:20120] *** CFMessagePort: bootstrap_register(): failed 1100 (0x44c) 'Permission denied', port = 0x8743, name = 'com.apple.tsm.portname'
See /usr/include/servers/bootstrap_defs.h for the error codes.
1532782077159	Marionette	INFO	Listening on port 50813
1532782077230	Marionette	WARN	TLS certificate errors will be ignored for this session
2018-07-28 15:47:57.729 plugin-container[902:20233] *** CFMessagePort: bootstrap_register(): failed 1100 (0x44c) 'Permission denied', port = 0x6f07, name = 'com.apple.tsm.portname'
See /usr/include/servers/bootstrap_defs.h for the error codes.
JavaScript error: https://www.olx.ua/ru/, line 61: TypeError: window.top is null
JavaScript error: https://www.olx.ua/ru/, line 61: TypeError: window.top is null
JavaScript error: https://www.olx.ua/ru/, line 61: TypeError: window.top is null
JavaScript warning: https://static-olxeu.akamaized.net/static/olxua/packed/sw3eaf1967312fe0104e2868194ab0fde9.js, line 1: unreachable code after return statement
JavaScript warning: https://static-olxeu.akamaized.net/static/olxua/packed/sw3eaf1967312fe0104e2868194ab0fde9.js, line 1: unreachable code after return statement
[GFX1-]: Receive IPC close with reason=AbnormalShutdown
1532782128646	geckodriver	INFO	geckodriver 0.21.0
1532782128651	geckodriver	INFO	Listening on 127.0.0.1:50957
1532782129671	mozrunner::runner	INFO	Running command: "/Applications/Firefox.app/Contents/MacOS/firefox-bin" "-marionette" "-headless" "-no-sandbox" "-foreground" "-no-remote" "-profile" "/var/folders/rg/0cxqtd1n7cv8krhzl_p3fs4r0000gp/T/rust_mozprofile.GYvb5x8Urhda"
*** You are running in headless mode.
2018-07-28 15:48:50.690 plugin-container[909:21151] *** CFMessagePort: bootstrap_register(): failed 1100 (0x44c) 'Permission denied', port = 0x8343, name = 'com.apple.tsm.portname'
See /usr/include/servers/bootstrap_defs.h for the error codes.
2018-07-28 15:48:50.892 plugin-container[910:21172] *** CFMessagePort: bootstrap_register(): failed 1100 (0x44c) 'Permission denied', port = 0x703f, name = 'com.apple.tsm.portname'
See /usr/include/servers/bootstrap_defs.h for the error codes.
1532782131082	Marionette	INFO	Listening on port 50968
1532782131106	Marionette	WARN	TLS certificate errors will be ignored for this session
2018-07-28 15:48:51.634 plugin-container[911:21272] *** CFMessagePort: bootstrap_register(): failed 1100 (0x44c) 'Permission denied', port = 0x8c3f, name = 'com.apple.tsm.portname'
See /usr/include/servers/bootstrap_defs.h for the error codes.
JavaScript error: https://www.olx.ua/ru/, line 61: TypeError: window.top is null
JavaScript error: https://www.olx.ua/ru/, line 61: TypeError: window.top is null
JavaScript error: https://www.olx.ua/ru/, line 61: TypeError: window.top is null
JavaScript warning: https://static-olxeu.akamaized.net/static/olxua/packed/sw3eaf1967312fe0104e2868194ab0fde9.js, line 1: unreachable code after return statement
JavaScript warning: https://static-olxeu.akamaized.net/static/olxua/packed/sw3eaf1967312fe0104e2868194ab0fde9.js, line 1: unreachable code after return statement
1532785648132	geckodriver	INFO	geckodriver 0.21.0
1532785648151	geckodriver	INFO	Listening on 127.0.0.1:51236
1532785649157	mozrunner::runner	INFO	Running command: "/Applications/Firefox.app/Contents/MacOS/firefox-bin" "-marionette" "-headless" "-no-sandbox" "-foreground" "-no-remote" "-profile" "/var/folders/rg/0cxqtd1n7cv8krhzl_p3fs4r0000gp/T/rust_mozprofile.3oO3ba6azkAg"
*** You are running in headless mode.
2018-07-28 16:47:30.383 plugin-container[969:33498] *** CFMessagePort: bootstrap_register(): failed 1100 (0x44c) 'Permission denied', port = 0x873f, name = 'com.apple.tsm.portname'
See /usr/include/servers/bootstrap_defs.h for the error codes.
2018-07-28 16:47:30.623 plugin-container[970:33521] *** CFMessagePort: bootstrap_register(): failed 1100 (0x44c) 'Permission denied', port = 0x7103, name = 'com.apple.tsm.portname'
See /usr/include/servers/bootstrap_defs.h for the error codes.
1532785650917	Marionette	INFO	Listening on port 51247
1532785651014	Marionette	WARN	TLS certificate errors will be ignored for this session
2018-07-28 16:47:31.341 plugin-container[972:33638] *** CFMessagePort: bootstrap_register(): failed 1100 (0x44c) 'Permission denied', port = 0x823f, name = 'com.apple.tsm.portname'
See /usr/include/servers/bootstrap_defs.h for the error codes.
JavaScript error: https://www.olx.ua/ru/, line 61: TypeError: window.top is null
JavaScript error: https://www.olx.ua/ru/, line 61: TypeError: window.top is null
JavaScript error: https://www.olx.ua/ru/, line 61: TypeError: window.top is null
JavaScript warning: https://static-olxeu.akamaized.net/static/olxua/packed/sw3eaf1967312fe0104e2868194ab0fde9.js, line 1: unreachable code after return statement
JavaScript warning: https://static-olxeu.akamaized.net/static/olxua/packed/sw3eaf1967312fe0104e2868194ab0fde9.js, line 1: unreachable code after return statement
1532785737819	geckodriver	INFO	geckodriver 0.21.0
1532785737829	geckodriver	INFO	Listening on 127.0.0.1:51400
1532785738840	mozrunner::runner	INFO	Running command: "/Applications/Firefox.app/Contents/MacOS/firefox-bin" "-marionette" "-headless" "-no-sandbox" "-foreground" "-no-remote" "-profile" "/var/folders/rg/0cxqtd1n7cv8krhzl_p3fs4r0000gp/T/rust_mozprofile.zULFY5Urjifx"
*** You are running in headless mode.
2018-07-28 16:49:00.152 plugin-container[990:34172] *** CFMessagePort: bootstrap_register(): failed 1100 (0x44c) 'Permission denied', port = 0x773f, name = 'com.apple.tsm.portname'
See /usr/include/servers/bootstrap_defs.h for the error codes.
2018-07-28 16:49:00.313 plugin-container[991:34194] *** CFMessagePort: bootstrap_register(): failed 1100 (0x44c) 'Permission denied', port = 0x8d03, name = 'com.apple.tsm.portname'
See /usr/include/servers/bootstrap_defs.h for the error codes.
1532785740501	Marionette	INFO	Listening on port 51407
1532785740598	Marionette	WARN	TLS certificate errors will be ignored for this session
2018-07-28 16:49:01.020 plugin-container[992:34311] *** CFMessagePort: bootstrap_register(): failed 1100 (0x44c) 'Permission denied', port = 0x713f, name = 'com.apple.tsm.portname'
See /usr/include/servers/bootstrap_defs.h for the error codes.
JavaScript error: https://www.olx.ua/ru/, line 61: TypeError: window.top is null
JavaScript error: https://www.olx.ua/ru/, line 61: TypeError: window.top is null
JavaScript error: https://www.olx.ua/ru/, line 22: TypeError: window.top.ads is undefined
JavaScript warning: https://static-olxeu.akamaized.net/static/olxua/packed/sw3eaf1967312fe0104e2868194ab0fde9.js, line 1: unreachable code after return statement
JavaScript warning: https://static-olxeu.akamaized.net/static/olxua/packed/sw3eaf1967312fe0104e2868194ab0fde9.js, line 1: unreachable code after return statement
1532785931142	geckodriver	INFO	geckodriver 0.21.0
1532785931159	geckodriver	INFO	Listening on 127.0.0.1:51542
1532785932166	mozrunner::runner	INFO	Running command: "/Applications/Firefox.app/Contents/MacOS/firefox-bin" "-marionette" "-headless" "-no-sandbox" "-foreground" "-no-remote" "-profile" "/var/folders/rg/0cxqtd1n7cv8krhzl_p3fs4r0000gp/T/rust_mozprofile.5qEIEerVcGwC"
*** You are running in headless mode.
2018-07-28 16:52:13.389 plugin-container[1007:35227] *** CFMessagePort: bootstrap_register(): failed 1100 (0x44c) 'Permission denied', port = 0x8b43, name = 'com.apple.tsm.portname'
See /usr/include/servers/bootstrap_defs.h for the error codes.
2018-07-28 16:52:13.611 plugin-container[1008:35249] *** CFMessagePort: bootstrap_register(): failed 1100 (0x44c) 'Permission denied', port = 0x8643, name = 'com.apple.tsm.portname'
See /usr/include/servers/bootstrap_defs.h for the error codes.
1532785933860	Marionette	INFO	Listening on port 51549
1532785933941	Marionette	WARN	TLS certificate errors will be ignored for this session
2018-07-28 16:52:14.321 plugin-container[1009:35355] *** CFMessagePort: bootstrap_register(): failed 1100 (0x44c) 'Permission denied', port = 0x8a3f, name = 'com.apple.tsm.portname'
See /usr/include/servers/bootstrap_defs.h for the error codes.
JavaScript error: https://www.olx.ua/ru/, line 61: TypeError: window.top is null
JavaScript error: https://www.olx.ua/ru/, line 61: TypeError: window.top is null
JavaScript error: https://www.olx.ua/ru/, line 22: TypeError: window.top.ads is undefined
JavaScript warning: https://static-olxeu.akamaized.net/static/olxua/packed/sw3eaf1967312fe0104e2868194ab0fde9.js, line 1: unreachable code after return statement
JavaScript warning: https://static-olxeu.akamaized.net/static/olxua/packed/sw3eaf1967312fe0104e2868194ab0fde9.js, line 1: unreachable code after return statement

###!!! [Parent][MessageChannel] Error: (msgtype=0x16007F,name=PBrowser::Msg_Destroy) Channel error: cannot send/recv

A content process crashed and MOZ_CRASHREPORTER_SHUTDOWN is set, shutting down
[GFX1-]: Receive IPC close with reason=AbnormalShutdown
[GFX1-]: Receive IPC close with reason=AbnormalShutdown
1532786057871	geckodriver	INFO	geckodriver 0.21.0
1532786057880	geckodriver	INFO	Listening on 127.0.0.1:51693
1532786058895	mozrunner::runner	INFO	Running command: "/Applications/Firefox.app/Contents/MacOS/firefox-bin" "-marionette" "-headless" "-no-sandbox" "-foreground" "-no-remote" "-profile" "/var/folders/rg/0cxqtd1n7cv8krhzl_p3fs4r0000gp/T/rust_mozprofile.bYLcjHon0cb3"
*** You are running in headless mode.
2018-07-28 16:54:20.071 plugin-container[1020:37284] *** CFMessagePort: bootstrap_register(): failed 1100 (0x44c) 'Permission denied', port = 0x8b47, name = 'com.apple.tsm.portname'
See /usr/include/servers/bootstrap_defs.h for the error codes.
2018-07-28 16:54:20.228 plugin-container[1021:37306] *** CFMessagePort: bootstrap_register(): failed 1100 (0x44c) 'Permission denied', port = 0x8a3f, name = 'com.apple.tsm.portname'
See /usr/include/servers/bootstrap_defs.h for the error codes.
1532786060449	Marionette	INFO	Listening on port 51700
1532786060541	Marionette	WARN	TLS certificate errors will be ignored for this session
2018-07-28 16:54:20.966 plugin-container[1022:37403] *** CFMessagePort: bootstrap_register(): failed 1100 (0x44c) 'Permission denied', port = 0x9107, name = 'com.apple.tsm.portname'
See /usr/include/servers/bootstrap_defs.h for the error codes.
JavaScript error: https://www.olx.ua/ru/, line 61: TypeError: window.top is null
JavaScript error: https://www.olx.ua/ru/, line 61: TypeError: window.top is null
JavaScript error: https://www.olx.ua/ru/, line 61: TypeError: window.top is null
JavaScript warning: https://static-olxeu.akamaized.net/static/olxua/packed/sw3eaf1967312fe0104e2868194ab0fde9.js, line 1: unreachable code after return statement
JavaScript warning: https://static-olxeu.akamaized.net/static/olxua/packed/sw3eaf1967312fe0104e2868194ab0fde9.js, line 1: unreachable code after return statement
*** UTM:SVC TimerManager:registerTimer called after profile-before-change notification. Ignoring timer registration for id: telemetry_modules_ping
1532786100978	geckodriver	INFO	geckodriver 0.21.0
1532786100984	geckodriver	INFO	Listening on 127.0.0.1:51848
1532786102010	mozrunner::runner	INFO	Running command: "/Applications/Firefox.app/Contents/MacOS/firefox-bin" "-marionette" "-headless" "-no-sandbox" "-foreground" "-no-remote" "-profile" "/var/folders/rg/0cxqtd1n7cv8krhzl_p3fs4r0000gp/T/rust_mozprofile.ANvUJX1tpNXh"
*** You are running in headless mode.
2018-07-28 16:55:03.096 plugin-container[1031:37796] *** CFMessagePort: bootstrap_register(): failed 1100 (0x44c) 'Permission denied', port = 0x7b47, name = 'com.apple.tsm.portname'
See /usr/include/servers/bootstrap_defs.h for the error codes.
2018-07-28 16:55:03.256 plugin-container[1032:37820] *** CFMessagePort: bootstrap_register(): failed 1100 (0x44c) 'Permission denied', port = 0x7243, name = 'com.apple.tsm.portname'
See /usr/include/servers/bootstrap_defs.h for the error codes.
1532786103455	Marionette	INFO	Listening on port 51855
1532786103553	Marionette	WARN	TLS certificate errors will be ignored for this session
2018-07-28 16:55:03.983 plugin-container[1033:37922] *** CFMessagePort: bootstrap_register(): failed 1100 (0x44c) 'Permission denied', port = 0x8d43, name = 'com.apple.tsm.portname'
See /usr/include/servers/bootstrap_defs.h for the error codes.
JavaScript error: https://www.olx.ua/ru/, line 61: TypeError: window.top is null
JavaScript error: https://www.olx.ua/ru/, line 61: TypeError: window.top is null
JavaScript error: https://www.olx.ua/ru/, line 61: TypeError: window.top is null
JavaScript warning: https://static-olxeu.akamaized.net/static/olxua/packed/sw3eaf1967312fe0104e2868194ab0fde9.js, line 1: unreachable code after return statement
JavaScript warning: https://static-olxeu.akamaized.net/static/olxua/packed/sw3eaf1967312fe0104e2868194ab0fde9.js, line 1: unreachable code after return statement
JavaScript error: jar:file:///Applications/Firefox.app/Contents/Resources/browser/omni.ja!/components/nsBrowserGlue.js, line 1033: NS_ERROR_FAILURE: Component returned failure code: 0x80004005 (NS_ERROR_FAILURE) [nsIAppShellService.hiddenDOMWindow]
1532786123238	addons.productaddons	WARN	Failed downloading XML, status: 0, reason: error
1532786123246	addons.productaddons	WARN	Failed downloading via XHR, status: 0, reason: error
1532786123246	addons.productaddons	WARN	Failed downloading via XHR, status: 0, reason: error
*** UTM:SVC TimerManager:registerTimer called after profile-before-change notification. Ignoring timer registration for id: telemetry_modules_ping
